0 info it worked if it ends with ok
1 verbose cli [ 'D:\\Program Files\\nodejs\\node.exe',
1 verbose cli   'D:\\Program Files\\nodejs\\node_modules\\npm\\bin\\npm-cli.js',
1 verbose cli   'start' ]
2 info using npm@3.10.10
3 info using node@v7.8.0
4 verbose run-script [ 'prestart', 'start', 'poststart' ]
5 info lifecycle myapp@0.0.0~prestart: myapp@0.0.0
6 silly lifecycle myapp@0.0.0~prestart: no script for prestart, continuing
7 info lifecycle myapp@0.0.0~start: myapp@0.0.0
8 verbose lifecycle myapp@0.0.0~start: unsafe-perm in lifecycle true
9 verbose lifecycle myapp@0.0.0~start: PATH: D:\Program Files\nodejs\node_modules\npm\bin\node-gyp-bin;D:\AppServ\www\前端\nodejs\express\myapp\node_modules\.bin;D:\Ruby24-x64\bin;C:\Program Files (x86)\Common Files\Intel\Shared Files\cpp\bin\Intel64;C:\Windows\system32;C:\Windows;C:\Windows\System32\Wbem;C:\Windows\System32\WindowsPowerShell\v1.0\;C:\Program Files\Common Files\Autodesk Shared\;D:\Program Files\nodejs\;C:\Program Files (x86)\Autodesk\Backburner\;E:\Program Files\MATLAB\R2015b\runtime\win64;E:\Program Files\MATLAB\R2015b\bin;E:\Program Files\MATLAB\R2015b\polyspace\bin;C:\Program Files\Git\cmd;C:\Windows\system32\WindowsPowerShell\v1.0\;C:\Program Files (x86)\Common Files\Intel\Shared Files\cpp\bin\Intel64;C:\Windows\system32;C:\Windows;C:\Windows\System32\Wbem;C:\Windows\System32\WindowsPowerShell\v1.0\;C:\Program Files\Common Files\Autodesk Shared\;D:\Program Files\nodejs\;C:\Program Files (x86)\Autodesk\Backburner\;C:\Windows\system32\WindowsPowerShell\v1.0\;C:\Program Files (x86)\Common Files\Intel\Shared Files\cpp\bin\Intel64;C:\Windows\system32;C:\Windows;C:\Windows\System32\Wbem;C:\Windows\System32\WindowsPowerShell\v1.0\;C:\Program Files\Common Files\Autodesk Shared\;D:\Program Files\nodejs\;C:\Program Files (x86)\Autodesk\Backburner\;C:\Users\mlh1421\AppData\Local\Programs\Python\Python36-32\Scripts\;C:\Users\mlh1421\AppData\Local\Programs\Python\Python36-32\;D:\kjj;C:\Users\mlh1421\AppData\Roaming\npm;D:\Program Files (x86)\Microsoft VS Code\bin;C:\Python27;D:Python27;C:\Users\mlh1421\AppData\Local\atom\bin;D:\AppServ\Apache24\bin;D:\AppServ\php5;D:\AppServ\MySQL\bin;D:\Program Files (x86)\JetBrains\WebStorm 2016.3.4\jre\jre\bin
10 verbose lifecycle myapp@0.0.0~start: CWD: D:\AppServ\www\前端\nodejs\express\myapp
11 silly lifecycle myapp@0.0.0~start: Args: [ '/d /s /c', 'node ./bin/www' ]
12 silly lifecycle myapp@0.0.0~start: Returned: code: 3221225786  signal: null
13 info lifecycle myapp@0.0.0~start: Failed to exec start script
14 verbose stack Error: myapp@0.0.0 start: `node ./bin/www`
14 verbose stack Exit status 3221225786
14 verbose stack     at EventEmitter.<anonymous> (D:\Program Files\nodejs\node_modules\npm\lib\utils\lifecycle.js:255:16)
14 verbose stack     at emitTwo (events.js:106:13)
14 verbose stack     at EventEmitter.emit (events.js:194:7)
14 verbose stack     at ChildProcess.<anonymous> (D:\Program Files\nodejs\node_modules\npm\lib\utils\spawn.js:40:14)
14 verbose stack     at emitTwo (events.js:106:13)
14 verbose stack     at ChildProcess.emit (events.js:194:7)
14 verbose stack     at maybeClose (internal/child_process.js:899:16)
14 verbose stack     at Process.ChildProcess._handle.onexit (internal/child_process.js:226:5)
15 verbose pkgid myapp@0.0.0
16 verbose cwd D:\AppServ\www\前端\nodejs\express\myapp
17 error Windows_NT 6.1.7601
18 error argv "D:\\Program Files\\nodejs\\node.exe" "D:\\Program Files\\nodejs\\node_modules\\npm\\bin\\npm-cli.js" "start"
19 error node v7.8.0
20 error npm  v3.10.10
21 error code ELIFECYCLE
22 error myapp@0.0.0 start: `node ./bin/www`
22 error Exit status 3221225786
23 error Failed at the myapp@0.0.0 start script 'node ./bin/www'.
23 error Make sure you have the latest version of node.js and npm installed.
23 error If you do, this is most likely a problem with the myapp package,
23 error not with npm itself.
23 error Tell the author that this fails on your system:
23 error     node ./bin/www
23 error You can get information on how to open an issue for this project with:
23 error     npm bugs myapp
23 error Or if that isn't available, you can get their info via:
23 error     npm owner ls myapp
23 error There is likely additional logging output above.
24 verbose exit [ 1, true ]
